<?xml version="1.0" encoding="UTF-8"?>
<!-- Generated by org.testng.reporters.JUnitReportReporter -->
<testsuite skipped="0" hostname="DESKTOP-MTM2I90" name="tests.NewTest" tests="1" failures="0" timestamp="22 Jan 2019 06:44:44 GMT" time="16.433" errors="0">
  <testcase name="openMyBlog" time="16.433" classname="tests.NewTest"/>
</testsuite> <!-- tests.NewTest -->
