<?xml version="1.0" encoding="UTF-8"?>
<!-- Generated by org.testng.reporters.JUnitReportReporter -->
<testsuite skipped="0" hostname="DESKTOP-MTM2I90" name="tests.NewTest" tests="1" failures="0" timestamp="29 Jan 2019 09:49:48 GMT" time="40.339" errors="0">
  <testcase name="openMyBlog" time="40.339" classname="tests.NewTest"/>
</testsuite> <!-- tests.NewTest -->
